This is XeTeX, Version 3.14159265-2.6-0.999991 (TeX Live 2019/Debian) (preloaded format=xelatex 2026.4.3)  3 APR 2026 16:56
entering extended mode
 restricted \write18 enabled.
 %&-line parsing enabled.
**paper_ko.tex
(./paper_ko.tex
LaTeX2e <2020-02-02> patch level 2
L3 programming layer <2020-02-14>
(/usr/share/texlive/texmf-dist/tex/latex/base/article.cls
Document Class: article 2019/12/20 v1.4l Standard LaTeX document class
(/usr/share/texlive/texmf-dist/tex/latex/base/size11.clo
File: size11.clo 2019/12/20 v1.4l Standard LaTeX file (size option)
)
\c@part=\count163
\c@section=\count164
\c@subsection=\count165
\c@subsubsection=\count166
\c@paragraph=\count167
\c@subparagraph=\count168
\c@figure=\count169
\c@table=\count170
\abovecaptionskip=\skip47
\belowcaptionskip=\skip48
\bibindent=\dimen134
)
(/usr/share/texlive/texmf-dist/tex/latex/fontspec/fontspec.sty
(/usr/share/texlive/texmf-dist/tex/latex/l3packages/xparse/xparse.sty
(/usr/share/texlive/texmf-dist/tex/latex/l3kernel/expl3.sty
Package: expl3 2020-02-14 L3 programming layer (loader) 

(/usr/share/texlive/texmf-dist/tex/latex/l3backend/l3backend-xdvipdfmx.def
File: l3backend-xdvipdfmx.def 2020-02-03 L3 backend support: xdvipdfmx
\g__graphics_track_int=\count171
\l__pdf_internal_box=\box45
\g__pdf_backend_object_int=\count172
\g__pdf_backend_annotation_int=\count173
))
Package: xparse 2020-02-14 L3 Experimental document command parser
\l__xparse_current_arg_int=\count174
\g__xparse_grabber_int=\count175
\l__xparse_m_args_int=\count176
\l__xparse_v_nesting_int=\count177
)
Package: fontspec 2020/02/03 v2.7h Font selection for XeLaTeX and LuaLaTeX

(/usr/share/texlive/texmf-dist/tex/latex/fontspec/fontspec-xetex.sty
Package: fontspec-xetex 2020/02/03 v2.7h Font selection for XeLaTeX and LuaLaTe
X
\l__fontspec_script_int=\count178
\l__fontspec_language_int=\count179
\l__fontspec_strnum_int=\count180
\l__fontspec_tmp_int=\count181
\l__fontspec_tmpa_int=\count182
\l__fontspec_tmpb_int=\count183
\l__fontspec_tmpc_int=\count184
\l__fontspec_em_int=\count185
\l__fontspec_emdef_int=\count186
\l__fontspec_strong_int=\count187
\l__fontspec_strongdef_int=\count188
\l__fontspec_tmpa_dim=\dimen135
\l__fontspec_tmpb_dim=\dimen136
\l__fontspec_tmpc_dim=\dimen137

(/usr/share/texlive/texmf-dist/tex/latex/base/fontenc.sty
Package: fontenc 2020/02/11 v2.0o Standard LaTeX package
)
(/usr/share/texlive/texmf-dist/tex/latex/fontspec/fontspec.cfg)))
(/usr/share/texlive/texmf-dist/tex/latex/cjk-ko/kotex.sty
Package: kotex 2015/04/19 v1.6 Korean TeX (ko.TeX)

(/usr/share/texlive/texmf-dist/tex/latex/kotex-utf/kotex.cfg)
(/usr/share/texlive/texmf-dist/tex/xetex/xetexko/xetexko.sty
Package: xetexko 2020/02/17 v2.23 Typesetting Korean with XeTeX

(/usr/share/texlive/texmf-dist/tex/xetex/xetexko/xetexko-space.sty
Package: xetexko-space 2020/02/17 v2.23 Spacings and fonts for XeTeX-ko
\XeTeXcharclassID=\XeTeXcharclass1
\XeTeXcharclassOP=\XeTeXcharclass2
\XeTeXcharclassCL=\XeTeXcharclass3

(/usr/share/texlive/texmf-dist/tex/generic/unicode-data/load-unicode-xetex-clas
ses.tex 
load-unicode-xetex-classes.tex v1.11 (2019-11-28)
Reading Unicode east Asian character class data
# LineBreak-12.1.0.txt 
# Date: 2019-03-31, 22:04:15 GMT [KW, LI] 
# EastAsianWidth-12.1.0.txt 
# Date: 2019-03-31, 22:01:58 GMT [KW, LI] 
)
\XKsmallkana=\XeTeXcharclass4
\XKcjkcolon=\XeTeXcharclass5
\XKcjkfullstop=\XeTeXcharclass6
\XKcjkliaison=\XeTeXcharclass7
\XKcjkextrastop=\XeTeXcharclass8
\XKcjksymbol=\XeTeXcharclass9
\XKhangulsyllable=\XeTeXcharclass10
\XKhanguljungjong=\XeTeXcharclass11
\XKlatinopening=\XeTeXcharclass12
\XKlatinclosing=\XeTeXcharclass13
\XKopeningquote=\XeTeXcharclass14
\XKclosingquote=\XeTeXcharclass15
\XKlatinfullstop=\XeTeXcharclass16
\XKlatinquestion=\XeTeXcharclass17
\XKlatinexclamation=\XeTeXcharclass18
\XKlatinhyphen=\XeTeXcharclass19
\XKlatincomma=\XeTeXcharclass20
\XKlatincolon=\XeTeXcharclass21
\XKlatinnumber=\XeTeXcharclass22
\XKhanjacombining=\XeTeXcharclass23
\XK@toks@=\toks14
\XKdotemphbox=\box46
) (/usr/share/texlive/texmf-dist/tex/xetex/xetexko/xetexko-josa.sty
Package: xetexko-josa 2020/02/17 v2.23 Auto-josa for XeTeX-ko
\@josa=\count189
)
(/usr/share/texlive/texmf-dist/tex/xetex/xetexko/xetexko-font.sty
Package: xetexko-font 2020/02/17 v2.23 LaTeX Font commands for XeTeX-ko
)
(/usr/share/texlive/texmf-dist/tex/xetex/xetexko/xetexko-vertical.sty
Package: xetexko-vertical 2020/02/17 v2.23 Vertical environment for XeTeX-ko
\verticalem=\dimen138
)
(/usr/share/texlive/texmf-dist/tex/latex/cjk-ko/kolabels-utf.sty
Package: kolabels-utf 2015/03/20 v1.5 UTF-8 Hangul item labels
)))

Package fontspec Info: Could not resolve font "UnBatang/I" (it probably
(fontspec)             doesn't exist).


Package fontspec Info: Font family 'UnBatang(0)' created for font 'UnBatang'
(fontspec)             with options [Ligatures=TeX].
(fontspec)              
(fontspec)              This font family consists of the following NFSS
(fontspec)             series/shapes:
(fontspec)              
(fontspec)             - 'normal' (m/n) with NFSS spec.:
(fontspec)             <->"UnBatang/OT:language=dflt;mapping=tex-text;"
(fontspec)             - 'small caps'  (m/sc) with NFSS spec.: 
(fontspec)             - 'bold' (b/n) with NFSS spec.:
(fontspec)             <->"UnBatang/B/OT:language=dflt;mapping=tex-text;"
(fontspec)             - 'bold small caps'  (b/sc) with NFSS spec.: 
(fontspec)             - 'bold italic' (b/it) with NFSS spec.:
(fontspec)             <->"UnBatang/BI/OT:language=dflt;mapping=tex-text;"
(fontspec)             - 'bold italic small caps'  (b/scit) with NFSS spec.: 


Package fontspec Info: Could not resolve font "UnDotum/I" (it probably doesn't
(fontspec)             exist).


Package fontspec Info: Font family 'UnDotum(0)' created for font 'UnDotum'
(fontspec)             with options [Ligatures=TeX].
(fontspec)              
(fontspec)              This font family consists of the following NFSS
(fontspec)             series/shapes:
(fontspec)              
(fontspec)             - 'normal' (m/n) with NFSS spec.:
(fontspec)             <->"UnDotum/OT:language=dflt;mapping=tex-text;"
(fontspec)             - 'small caps'  (m/sc) with NFSS spec.: 
(fontspec)             - 'bold' (b/n) with NFSS spec.:
(fontspec)             <->"UnDotum/B/OT:language=dflt;mapping=tex-text;"
(fontspec)             - 'bold small caps'  (b/sc) with NFSS spec.: 
(fontspec)             - 'bold italic' (b/it) with NFSS spec.:
(fontspec)             <->"UnDotum/BI/OT:language=dflt;mapping=tex-text;"
(fontspec)             - 'bold italic small caps'  (b/scit) with NFSS spec.: 


Package fontspec Info: Could not resolve font "UnTaza/BI" (it probably doesn't
(fontspec)             exist).


Package fontspec Info: Could not resolve font "UnTaza/B" (it probably doesn't
(fontspec)             exist).


Package fontspec Info: Could not resolve font "UnTaza/I" (it probably doesn't
(fontspec)             exist).


Package fontspec Info: Font family 'UnTaza(0)' created for font 'UnTaza' with
(fontspec)             options
(fontspec)             [WordSpace={1,0,0},HyphenChar=None,PunctuationSpace=Word
Space].
(fontspec)              
(fontspec)              This font family consists of the following NFSS
(fontspec)             series/shapes:
(fontspec)              
(fontspec)             - 'normal' (m/n) with NFSS spec.:
(fontspec)             <->"UnTaza/OT:language=dflt;"
(fontspec)             - 'small caps'  (m/sc) with NFSS spec.: 
(fontspec)             and font adjustment code:
(fontspec)             \fontdimen 2\font =1\fontdimen 2\font \fontdimen 3\font
(fontspec)             =0\fontdimen 3\font \fontdimen 4\font =0\fontdimen
(fontspec)             4\font \fontdimen 7\font =0\fontdimen 2\font
(fontspec)             \tex_hyphenchar:D \font =-1\scan_stop: 


(/usr/share/texlive/texmf-dist/tex/latex/amsmath/amsmath.sty
Package: amsmath 2020/01/20 v2.17e AMS math features
\@mathmargin=\skip49

For additional information on amsmath, use the `?' option.
(/usr/share/texlive/texmf-dist/tex/latex/amsmath/amstext.sty
Package: amstext 2000/06/29 v2.01 AMS text

(/usr/share/texlive/texmf-dist/tex/latex/amsmath/amsgen.sty
File: amsgen.sty 1999/11/30 v2.0 generic functions
\@emptytoks=\toks15
\ex@=\dimen139
))
(/usr/share/texlive/texmf-dist/tex/latex/amsmath/amsbsy.sty
Package: amsbsy 1999/11/29 v1.2d Bold Symbols
\pmbraise@=\dimen140
)
(/usr/share/texlive/texmf-dist/tex/latex/amsmath/amsopn.sty
Package: amsopn 2016/03/08 v2.02 operator names
)
\inf@bad=\count190
LaTeX Info: Redefining \frac on input line 227.
\uproot@=\count191
\leftroot@=\count192
LaTeX Info: Redefining \overline on input line 389.
\classnum@=\count193
\DOTSCASE@=\count194
LaTeX Info: Redefining \ldots on input line 486.
LaTeX Info: Redefining \dots on input line 489.
LaTeX Info: Redefining \cdots on input line 610.
\Mathstrutbox@=\box47
\strutbox@=\box48
\big@size=\dimen141
LaTeX Font Info:    Redeclaring font encoding OML on input line 733.
LaTeX Font Info:    Redeclaring font encoding OMS on input line 734.
\macc@depth=\count195
\c@MaxMatrixCols=\count196
\dotsspace@=\muskip16
\c@parentequation=\count197
\dspbrk@lvl=\count198
\tag@help=\toks16
\row@=\count199
\column@=\count266
\maxfields@=\count267
\andhelp@=\toks17
\eqnshift@=\dimen142
\alignsep@=\dimen143
\tagshift@=\dimen144
\tagwidth@=\dimen145
\totwidth@=\dimen146
\lineht@=\dimen147
\@envbody=\toks18
\multlinegap=\skip50
\multlinetaggap=\skip51
\mathdisplay@stack=\toks19
LaTeX Info: Redefining \[ on input line 2859.
LaTeX Info: Redefining \] on input line 2860.
)
(/usr/share/texlive/texmf-dist/tex/latex/amsfonts/amssymb.sty
Package: amssymb 2013/01/14 v3.01 AMS font symbols

(/usr/share/texlive/texmf-dist/tex/latex/amsfonts/amsfonts.sty
Package: amsfonts 2013/01/14 v3.01 Basic AMSFonts support
\symAMSa=\mathgroup4
\symAMSb=\mathgroup5
LaTeX Font Info:    Redeclaring math symbol \hbar on input line 98.
LaTeX Font Info:    Overwriting math alphabet `\mathfrak' in version `bold'
(Font)                  U/euf/m/n --> U/euf/b/n on input line 106.
))
(/usr/share/texlive/texmf-dist/tex/latex/graphics/graphicx.sty
Package: graphicx 2019/11/30 v1.2a Enhanced LaTeX Graphics (DPC,SPQR)

(/usr/share/texlive/texmf-dist/tex/latex/graphics/keyval.sty
Package: keyval 2014/10/28 v1.15 key=value parser (DPC)
\KV@toks@=\toks20
)
(/usr/share/texlive/texmf-dist/tex/latex/graphics/graphics.sty
Package: graphics 2019/11/30 v1.4a Standard LaTeX Graphics (DPC,SPQR)

(/usr/share/texlive/texmf-dist/tex/latex/graphics/trig.sty
Package: trig 2016/01/03 v1.10 sin cos tan (DPC)
)
(/usr/share/texlive/texmf-dist/tex/latex/graphics-cfg/graphics.cfg
File: graphics.cfg 2016/06/04 v1.11 sample graphics configuration
)
Package graphics Info: Driver file: xetex.def on input line 105.

(/usr/share/texlive/texmf-dist/tex/latex/graphics-def/xetex.def
File: xetex.def 2017/06/24 v5.0h Graphics/color driver for xetex
))
\Gin@req@height=\dimen148
\Gin@req@width=\dimen149
)
(/usr/share/texlive/texmf-dist/tex/latex/booktabs/booktabs.sty
Package: booktabs 2020/01/12 v1.61803398 Publication quality tables
\heavyrulewidth=\dimen150
\lightrulewidth=\dimen151
\cmidrulewidth=\dimen152
\belowrulesep=\dimen153
\belowbottomsep=\dimen154
\aboverulesep=\dimen155
\abovetopsep=\dimen156
\cmidrulesep=\dimen157
\cmidrulekern=\dimen158
\defaultaddspace=\dimen159
\@cmidla=\count268
\@cmidlb=\count269
\@aboverulesep=\dimen160
\@belowrulesep=\dimen161
\@thisruleclass=\count270
\@lastruleclass=\count271
\@thisrulewidth=\dimen162
)
(/usr/share/texlive/texmf-dist/tex/latex/multirow/multirow.sty
Package: multirow 2019/05/31 v2.5 Span multiple rows of a table
\multirow@colwidth=\skip52
\multirow@cntb=\count272
\multirow@dima=\skip53
\bigstrutjot=\dimen163
)
(/usr/share/texlive/texmf-dist/tex/latex/tools/array.sty
Package: array 2019/08/31 v2.4l Tabular extension package (FMi)
\col@sep=\dimen164
\ar@mcellbox=\box49
\extrarowheight=\dimen165
\NC@list=\toks21
\extratabsurround=\skip54
\backup@length=\skip55
\ar@cellbox=\box50
)
(/usr/share/texlive/texmf-dist/tex/latex/geometry/geometry.sty
Package: geometry 2020/01/02 v5.9 Page Geometry

(/usr/share/texlive/texmf-dist/tex/generic/iftex/ifvtex.sty
Package: ifvtex 2019/10/25 v1.7 ifvtex legacy package. Use iftex instead.

(/usr/share/texlive/texmf-dist/tex/generic/iftex/iftex.sty
Package: iftex 2019/11/07 v1.0c TeX engine tests
))
\Gm@cnth=\count273
\Gm@cntv=\count274
\c@Gm@tempcnt=\count275
\Gm@bindingoffset=\dimen166
\Gm@wd@mp=\dimen167
\Gm@odd@mp=\dimen168
\Gm@even@mp=\dimen169
\Gm@layoutwidth=\dimen170
\Gm@layoutheight=\dimen171
\Gm@layouthoffset=\dimen172
\Gm@layoutvoffset=\dimen173
\Gm@dimlist=\toks22
)
(/usr/share/texlive/texmf-dist/tex/latex/caption/caption.sty
Package: caption 2020/01/03 v3.4h Customizing captions (AR)

(/usr/share/texlive/texmf-dist/tex/latex/caption/caption3.sty
Package: caption3 2020/01/03 v1.8h caption3 kernel (AR)
Package caption3 Info: TeX engine: e-TeX on input line 61.
\captionmargin=\dimen174
\captionmargin@=\dimen175
\captionwidth=\dimen176
\caption@tempdima=\dimen177
\caption@indent=\dimen178
\caption@parindent=\dimen179
\caption@hangindent=\dimen180
Package caption Info: Standard document class detected.
)
\c@caption@flags=\count276
\c@continuedfloat=\count277
)
(/usr/share/texlive/texmf-dist/tex/latex/hyperref/hyperref.sty
Package: hyperref 2020/01/14 v7.00d Hypertext links for LaTeX

(/usr/share/texlive/texmf-dist/tex/generic/ltxcmds/ltxcmds.sty
Package: ltxcmds 2019/12/15 v1.24 LaTeX kernel commands for general use (HO)
)
(/usr/share/texlive/texmf-dist/tex/latex/pdftexcmds/pdftexcmds.sty
Package: pdftexcmds 2019/11/24 v0.31 Utility functions of pdfTeX for LuaTeX (HO
)

(/usr/share/texlive/texmf-dist/tex/generic/infwarerr/infwarerr.sty
Package: infwarerr 2019/12/03 v1.5 Providing info/warning/error messages (HO)
)
Package pdftexcmds Info: \pdf@primitive is available.
Package pdftexcmds Info: \pdf@ifprimitive is available.
Package pdftexcmds Info: \pdfdraftmode not found.
)
(/usr/share/texlive/texmf-dist/tex/generic/kvsetkeys/kvsetkeys.sty
Package: kvsetkeys 2019/12/15 v1.18 Key value parser (HO)
)
(/usr/share/texlive/texmf-dist/tex/generic/kvdefinekeys/kvdefinekeys.sty
Package: kvdefinekeys 2019-12-19 v1.6 Define keys (HO)
)
(/usr/share/texlive/texmf-dist/tex/generic/pdfescape/pdfescape.sty
Package: pdfescape 2019/12/09 v1.15 Implements pdfTeX's escape features (HO)
)
(/usr/share/texlive/texmf-dist/tex/latex/hycolor/hycolor.sty
Package: hycolor 2020-01-27 v1.10 Color options for hyperref/bookmark (HO)
)
(/usr/share/texlive/texmf-dist/tex/latex/letltxmacro/letltxmacro.sty
Package: letltxmacro 2019/12/03 v1.6 Let assignment for LaTeX macros (HO)
)
(/usr/share/texlive/texmf-dist/tex/latex/auxhook/auxhook.sty
Package: auxhook 2019-12-17 v1.6 Hooks for auxiliary files (HO)
)
(/usr/share/texlive/texmf-dist/tex/latex/kvoptions/kvoptions.sty
Package: kvoptions 2019/11/29 v3.13 Key value format for package options (HO)
)
\@linkdim=\dimen181
\Hy@linkcounter=\count278
\Hy@pagecounter=\count279

(/usr/share/texlive/texmf-dist/tex/latex/hyperref/pd1enc.def
File: pd1enc.def 2020/01/14 v7.00d Hyperref: PDFDocEncoding definition (HO)
)
(/usr/share/texlive/texmf-dist/tex/generic/intcalc/intcalc.sty
Package: intcalc 2019/12/15 v1.3 Expandable calculations with integers (HO)
)
(/usr/share/texlive/texmf-dist/tex/generic/etexcmds/etexcmds.sty
Package: etexcmds 2019/12/15 v1.7 Avoid name clashes with e-TeX commands (HO)
)
\Hy@SavedSpaceFactor=\count280
Package hyperref Info: Hyper figures OFF on input line 4547.
Package hyperref Info: Link nesting OFF on input line 4552.
Package hyperref Info: Hyper index ON on input line 4555.
Package hyperref Info: Plain pages OFF on input line 4562.
Package hyperref Info: Backreferencing OFF on input line 4567.
Package hyperref Info: Implicit mode ON; LaTeX internals redefined.
Package hyperref Info: Bookmarks ON on input line 4800.
\c@Hy@tempcnt=\count281

(/usr/share/texlive/texmf-dist/tex/latex/url/url.sty
\Urlmuskip=\muskip17
Package: url 2013/09/16  ver 3.4  Verb mode for urls, etc.
)
LaTeX Info: Redefining \url on input line 5159.
\XeTeXLinkMargin=\dimen182

(/usr/share/texlive/texmf-dist/tex/generic/bitset/bitset.sty
Package: bitset 2019/12/09 v1.3 Handle bit-vector datatype (HO)

(/usr/share/texlive/texmf-dist/tex/generic/bigintcalc/bigintcalc.sty
Package: bigintcalc 2019/12/15 v1.5 Expandable calculations on big integers (HO
)
))
\Fld@menulength=\count282
\Field@Width=\dimen183
\Fld@charsize=\dimen184
Package hyperref Info: Hyper figures OFF on input line 6430.
Package hyperref Info: Link nesting OFF on input line 6435.
Package hyperref Info: Hyper index ON on input line 6438.
Package hyperref Info: backreferencing OFF on input line 6445.
Package hyperref Info: Link coloring OFF on input line 6450.
Package hyperref Info: Link coloring with OCG OFF on input line 6455.
Package hyperref Info: PDF/A mode OFF on input line 6460.
LaTeX Info: Redefining \ref on input line 6500.
LaTeX Info: Redefining \pageref on input line 6504.

(/usr/share/texlive/texmf-dist/tex/generic/atbegshi/atbegshi.sty
Package: atbegshi 2019/12/05 v1.19 At begin shipout hook (HO)
)
\Hy@abspage=\count283
\c@Item=\count284
\c@Hfootnote=\count285
)
Package hyperref Info: Driver (autodetected): hxetex.

(/usr/share/texlive/texmf-dist/tex/latex/hyperref/hxetex.def
File: hxetex.def 2020/01/14 v7.00d Hyperref driver for XeTeX

(/usr/share/texlive/texmf-dist/tex/latex/hyperref/puenc.def
File: puenc.def 2020/01/14 v7.00d Hyperref: PDF Unicode definition (HO)
)
(/usr/share/texlive/texmf-dist/tex/generic/stringenc/stringenc.sty
Package: stringenc 2019/11/29 v1.12 Convert strings between diff. encodings (HO
)
)
\pdfm@box=\box51
\c@Hy@AnnotLevel=\count286
\HyField@AnnotCount=\count287
\Fld@listcount=\count288
\c@bookmark@seq@number=\count289

(/usr/share/texlive/texmf-dist/tex/latex/rerunfilecheck/rerunfilecheck.sty
Package: rerunfilecheck 2019/12/05 v1.9 Rerun checks for auxiliary files (HO)

(/usr/share/texlive/texmf-dist/tex/latex/atveryend/atveryend.sty
Package: atveryend 2019-12-11 v1.11 Hooks at the very end of document (HO)
Package atveryend Info: \enddocument detected (standard20110627).
)
(/usr/share/texlive/texmf-dist/tex/generic/uniquecounter/uniquecounter.sty
Package: uniquecounter 2019/12/15 v1.4 Provide unlimited unique counter (HO)
)
Package uniquecounter Info: New unique counter `rerunfilecheck' on input line 2
86.
)
\Hy@SectionHShift=\skip56
)
(/usr/share/texlive/texmf-dist/tex/latex/xcolor/xcolor.sty
Package: xcolor 2016/05/11 v2.12 LaTeX color extensions (UK)

(/usr/share/texlive/texmf-dist/tex/latex/graphics-cfg/color.cfg
File: color.cfg 2016/01/02 v1.6 sample color configuration
)
Package xcolor Info: Driver file: xetex.def on input line 225.
Package xcolor Info: Model `cmy' substituted by `cmy0' on input line 1348.
Package xcolor Info: Model `RGB' extended on input line 1364.
Package xcolor Info: Model `HTML' substituted by `rgb' on input line 1366.
Package xcolor Info: Model `Hsb' substituted by `hsb' on input line 1367.
Package xcolor Info: Model `tHsb' substituted by `hsb' on input line 1368.
Package xcolor Info: Model `HSB' substituted by `hsb' on input line 1369.
Package xcolor Info: Model `Gray' substituted by `gray' on input line 1370.
Package xcolor Info: Model `wave' substituted by `hsb' on input line 1371.
)
(/usr/share/texlive/texmf-dist/tex/latex/enumitem/enumitem.sty
Package: enumitem 2019/06/20 v3.9 Customized lists
\labelindent=\skip57
\enit@outerparindent=\dimen185
\enit@toks=\toks23
\enit@inbox=\box52
\enit@count@id=\count290
\enitdp@description=\count291
)
(/usr/share/texlive/texmf-dist/tex/latex/titlesec/titlesec.sty
Package: titlesec 2019/10/16 v2.13 Sectioning titles
\ttl@box=\box53
\beforetitleunit=\skip58
\aftertitleunit=\skip59
\ttl@plus=\dimen186
\ttl@minus=\dimen187
\ttl@toksa=\toks24
\titlewidth=\dimen188
\titlewidthlast=\dimen189
\titlewidthfirst=\dimen190
) (./paper_ko.aux)
\openout1 = `paper_ko.aux'.

LaTeX Font Info:    Checking defaults for OML/cmm/m/it on input line 40.
LaTeX Font Info:    ... okay on input line 40.
LaTeX Font Info:    Checking defaults for OMS/cmsy/m/n on input line 40.
LaTeX Font Info:    ... okay on input line 40.
LaTeX Font Info:    Checking defaults for OT1/cmr/m/n on input line 40.
LaTeX Font Info:    ... okay on input line 40.
LaTeX Font Info:    Checking defaults for T1/cmr/m/n on input line 40.
LaTeX Font Info:    ... okay on input line 40.
LaTeX Font Info:    Checking defaults for TS1/cmr/m/n on input line 40.
LaTeX Font Info:    Trying to load font information for TS1+cmr on input line 4
0.
 (/usr/share/texlive/texmf-dist/tex/latex/base/ts1cmr.fd
File: ts1cmr.fd 2019/12/16 v2.5j Standard LaTeX font definitions
)
LaTeX Font Info:    ... okay on input line 40.
LaTeX Font Info:    Checking defaults for TU/lmr/m/n on input line 40.
LaTeX Font Info:    ... okay on input line 40.
LaTeX Font Info:    Checking defaults for OMX/cmex/m/n on input line 40.
LaTeX Font Info:    ... okay on input line 40.
LaTeX Font Info:    Checking defaults for U/cmr/m/n on input line 40.
LaTeX Font Info:    ... okay on input line 40.
LaTeX Font Info:    Checking defaults for PD1/pdf/m/n on input line 40.
LaTeX Font Info:    ... okay on input line 40.
LaTeX Font Info:    Checking defaults for PU/pdf/m/n on input line 40.
LaTeX Font Info:    ... okay on input line 40.

Package fontspec Info: Adjusting the maths setup (use [no-math] to avoid
(fontspec)             this).

\symlegacymaths=\mathgroup6
LaTeX Font Info:    Overwriting symbol font `legacymaths' in version `bold'
(Font)                  OT1/cmr/m/n --> OT1/cmr/bx/n on input line 40.
LaTeX Font Info:    Redeclaring math accent \acute on input line 40.
LaTeX Font Info:    Redeclaring math accent \grave on input line 40.
LaTeX Font Info:    Redeclaring math accent \ddot on input line 40.
LaTeX Font Info:    Redeclaring math accent \tilde on input line 40.
LaTeX Font Info:    Redeclaring math accent \bar on input line 40.
LaTeX Font Info:    Redeclaring math accent \breve on input line 40.
LaTeX Font Info:    Redeclaring math accent \check on input line 40.
LaTeX Font Info:    Redeclaring math accent \hat on input line 40.
LaTeX Font Info:    Redeclaring math accent \dot on input line 40.
LaTeX Font Info:    Redeclaring math accent \mathring on input line 40.
LaTeX Font Info:    Redeclaring math symbol \Gamma on input line 40.
LaTeX Font Info:    Redeclaring math symbol \Delta on input line 40.
LaTeX Font Info:    Redeclaring math symbol \Theta on input line 40.
LaTeX Font Info:    Redeclaring math symbol \Lambda on input line 40.
LaTeX Font Info:    Redeclaring math symbol \Xi on input line 40.
LaTeX Font Info:    Redeclaring math symbol \Pi on input line 40.
LaTeX Font Info:    Redeclaring math symbol \Sigma on input line 40.
LaTeX Font Info:    Redeclaring math symbol \Upsilon on input line 40.
LaTeX Font Info:    Redeclaring math symbol \Phi on input line 40.
LaTeX Font Info:    Redeclaring math symbol \Psi on input line 40.
LaTeX Font Info:    Redeclaring math symbol \Omega on input line 40.
LaTeX Font Info:    Redeclaring math symbol \mathdollar on input line 40.
LaTeX Font Info:    Redeclaring symbol font `operators' on input line 40.
LaTeX Font Info:    Encoding `OT1' has changed to `TU' for symbol font
(Font)              `operators' in the math version `normal' on input line 40.
LaTeX Font Info:    Overwriting symbol font `operators' in version `normal'
(Font)                  OT1/cmr/m/n --> TU/UnBatang(0)/m/n on input line 40.
LaTeX Font Info:    Encoding `OT1' has changed to `TU' for symbol font
(Font)              `operators' in the math version `bold' on input line 40.
LaTeX Font Info:    Overwriting symbol font `operators' in version `bold'
(Font)                  OT1/cmr/bx/n --> TU/UnBatang(0)/m/n on input line 40.
LaTeX Font Info:    Overwriting symbol font `operators' in version `normal'
(Font)                  TU/UnBatang(0)/m/n --> TU/UnBatang(0)/m/n on input line
 40.
LaTeX Font Info:    Overwriting math alphabet `\mathit' in version `normal'
(Font)                  OT1/cmr/m/it --> TU/UnBatang(0)/m/it on input line 40.
LaTeX Font Info:    Overwriting math alphabet `\mathbf' in version `normal'
(Font)                  OT1/cmr/bx/n --> TU/UnBatang(0)/b/n on input line 40.
LaTeX Font Info:    Overwriting math alphabet `\mathsf' in version `normal'
(Font)                  OT1/cmss/m/n --> TU/UnDotum(0)/m/n on input line 40.
LaTeX Font Info:    Overwriting math alphabet `\mathtt' in version `normal'
(Font)                  OT1/cmtt/m/n --> TU/UnTaza(0)/m/n on input line 40.
LaTeX Font Info:    Overwriting symbol font `operators' in version `bold'
(Font)                  TU/UnBatang(0)/m/n --> TU/UnBatang(0)/b/n on input line
 40.
LaTeX Font Info:    Overwriting math alphabet `\mathit' in version `bold'
(Font)                  OT1/cmr/bx/it --> TU/UnBatang(0)/b/it on input line 40.

LaTeX Font Info:    Overwriting math alphabet `\mathsf' in version `bold'
(Font)                  OT1/cmss/bx/n --> TU/UnDotum(0)/b/n on input line 40.
LaTeX Font Info:    Overwriting math alphabet `\mathtt' in version `bold'
(Font)                  OT1/cmtt/m/n --> TU/UnTaza(0)/b/n on input line 40.
\symmathhangul=\mathgroup7

*geometry* driver: auto-detecting
*geometry* detected driver: xetex
*geometry* verbose mode - [ preamble ] result:
* driver: xetex
* paper: a4paper
* layout: <same size as paper>
* layoutoffset:(h,v)=(0.0pt,0.0pt)
* modes: 
* h-part:(L,W,R)=(56.9055pt, 483.69687pt, 56.9055pt)
* v-part:(T,H,B)=(56.9055pt, 731.23584pt, 56.9055pt)
* \paperwidth=597.50787pt
* \paperheight=845.04684pt
* \textwidth=483.69687pt
* \textheight=731.23584pt
* \oddsidemargin=-15.36449pt
* \evensidemargin=-15.36449pt
* \topmargin=-52.36449pt
* \headheight=12.0pt
* \headsep=25.0pt
* \topskip=11.0pt
* \footskip=30.0pt
* \marginparwidth=4.0pt
* \marginparsep=10.0pt
* \columnsep=10.0pt
* \skip\footins=10.0pt plus 4.0pt minus 2.0pt
* \hoffset=0.0pt
* \voffset=0.0pt
* \mag=1000
* \@twocolumntrue
* \@twosidefalse
* \@mparswitchfalse
* \@reversemarginfalse
* (1in=72.27pt=25.4mm, 1cm=28.453pt)

Package caption Info: Begin \AtBeginDocument code.
Package caption Info: hyperref package is loaded.
Package caption Info: End \AtBeginDocument code.
\AtBeginShipoutBox=\box54
Package hyperref Info: Link coloring OFF on input line 40.
(/usr/share/texlive/texmf-dist/tex/latex/hyperref/nameref.sty
Package: nameref 2019/09/16 v2.46 Cross-referencing by name of section

(/usr/share/texlive/texmf-dist/tex/latex/refcount/refcount.sty
Package: refcount 2019/12/15 v3.6 Data extraction from label references (HO)
)
(/usr/share/texlive/texmf-dist/tex/generic/gettitlestring/gettitlestring.sty
Package: gettitlestring 2019/12/15 v1.6 Cleanup title references (HO)
)
\c@section@level=\count292
)
LaTeX Info: Redefining \ref on input line 40.
LaTeX Info: Redefining \pageref on input line 40.
LaTeX Info: Redefining \nameref on input line 40.

(./paper_ko.out) (./paper_ko.out)
\@outlinefile=\write3
\openout3 = `paper_ko.out'.

LaTeX Font Info:    Trying to load font information for U+msa on input line 42.


(/usr/share/texlive/texmf-dist/tex/latex/amsfonts/umsa.fd
File: umsa.fd 2013/01/14 v3.01 AMS symbols A
)
LaTeX Font Info:    Trying to load font information for U+msb on input line 42.


(/usr/share/texlive/texmf-dist/tex/latex/amsfonts/umsb.fd
File: umsb.fd 2013/01/14 v3.01 AMS symbols B
)

LaTeX Font Warning: Font shape `TU/UnBatang(0)/m/up' undefined
(Font)              using `TU/UnBatang(0)/m/n' instead on input line 42.

(/usr/share/texlive/texmf-dist/tex/generic/stringenc/se-ascii-print.def
File: se-ascii-print.def 2019/11/29 v1.12 stringenc: Printable ASCII characters

)
Underfull \hbox (badness 1596) in paragraph at lines 55--56
[]\TU/UnBatang(0)/m/up/10.95 Allwinner T527 과 같 은 최 신 엣 지 SoC 는 1–
 []

[1


]
Underfull \hbox (badness 2762) in paragraph at lines 77--78
\TU/UnBatang(0)/m/up/10.95 기 준 선 을 제 공 한 다. Wang 등 [[]] 은 한 국 어
 []


Underfull \hbox (badness 10000) in paragraph at lines 84--85
\TU/UnBatang(0)/m/up/10.95 Allwinner T527 SoC 의 VeriSilicon
 []


Underfull \hbox (badness 10000) in paragraph at lines 84--85
\TU/UnBatang(0)/m/up/10.95 VIP9000NANOSI_PLUS NPU 를 대 상 으 로 한
 []


Overfull \hbox (23.60164pt too wide) in paragraph at lines 124--136
 [][] 
 []


Overfull \hbox (9.79959pt too wide) in paragraph at lines 147--160
 [][] 
 []


Overfull \hbox (4.46167pt too wide) in paragraph at lines 223--231
 [][] 
 []

[2]
Underfull \vbox (badness 10000) has occurred while \output is active []


Underfull \hbox (badness 10000) in paragraph at lines 277--278
[]\TU/UnBatang(0)/m/up/10.95 Return Zero, “Korean ASR Benchmark,”
 []


Underfull \hbox (badness 2119) in paragraph at lines 280--281
[]\TU/UnBatang(0)/m/up/10.95 Naver Clova, “CLOVA Speech Recognition
 []

[3]

LaTeX Font Warning: Font shape `TU/UnBatang(0)/m/it' undefined
(Font)              using `TU/UnBatang(0)/m/n' instead on input line 283.


Underfull \hbox (badness 10000) in paragraph at lines 289--290
[]\TU/UnBatang(0)/m/it/10.95 Z. Chen 등, “Towards one-bit ASR,”
 []


Underfull \hbox (badness 1406) in paragraph at lines 292--293
[]\TU/UnBatang(0)/m/it/10.95 H. Wang 등, “Edge-oriented Korean ASR,”
 []


Underfull \hbox (badness 1077) in paragraph at lines 301--302
[]\TU/UnBatang(0)/m/it/10.95 A. Gulati 등, “Conformer,” INTERSPEECH,
 []


Underfull \hbox (badness 10000) in paragraph at lines 307--308
[]\TU/UnBatang(0)/m/it/10.95 Amazon, “Sub-8-bit quantization for on-
 []


Underfull \hbox (badness 10000) in paragraph at lines 310--311
[]\TU/UnBatang(0)/m/it/10.95 AI Hub, “Korean Speech Corpus,” ai-
 []


Overfull \hbox (1.2045pt too wide) in paragraph at lines 322--323
[]\TU/UnBatang(0)/m/it/10.95 SungBeom, “stt_kr_conformer_ctc_medium,”
 []


Underfull \hbox (badness 10000) in paragraph at lines 325--326
[]\TU/UnBatang(0)/m/it/10.95 NVIDIA, “NeMo,”
 []

Package atveryend Info: Empty hook `BeforeClearDocument' on input line 332.
[4

]
Package atveryend Info: Empty hook `AfterLastShipout' on input line 332.
 (./paper_ko.aux)
Package atveryend Info: Empty hook `AtVeryEndDocument' on input line 332.
Package atveryend Info: Executing hook `AtEndAfterFileList' on input line 332.
Package rerunfilecheck Info: File `paper_ko.out' has not changed.
(rerunfilecheck)             Checksum: 1B3615DCDC667B2A3D5D63C4E9123575;1389.


LaTeX Font Warning: Some font shapes were not available, defaults substituted.

Package atveryend Info: Empty hook `AtVeryVeryEnd' on input line 332.
 ) 
Here is how much of TeX's memory you used:
 17732 strings out of 479819
 297792 string characters out of 5895847
 622588 words of memory out of 5000000
 34615 multiletter control sequences out of 15000+600000
 540854 words of font info for 90 fonts, out of 8000000 for 9000
 1348 hyphenation exceptions out of 8191
 43i,10n,67p,654b,2559s stack positions out of 5000i,500n,10000p,200000b,80000s

Output written on paper_ko.pdf (4 pages).
